<?xml version="1.0" encoding="UTF-8"?>
<robot generator="Robot 3.1.2 (Python 3.6.8 on linux)" generated="20190908 13:41:00.382" rpa="false">
<suite id="s1" name="Test Start" source="/home/ipaleka/dev/arrangeit/tests/functional/robot/test_start.robot">
<test id="s1-t1" name="Do Nothing">
<kw name="Start Programs" library="software_setup" type="setup">
<kw name="Start Process" library="Process">
<doc>Starts a new process on background.</doc>
<arguments>
<arg>/usr/bin/inkscape</arg>
<arg>./resources/sample.svg</arg>
</arguments>
<msg timestamp="20190908 13:41:00.562" level="INFO">Starting process:
/usr/bin/inkscape ./resources/sample.svg</msg>
<status status="PASS" starttime="20190908 13:41:00.561" endtime="20190908 13:41:00.564"></status>
</kw>
<kw name="Start Process" library="Process">
<doc>Starts a new process on background.</doc>
<arguments>
<arg>/usr/bin/gimp</arg>
<arg>./resources/sample.xcf</arg>
</arguments>
<msg timestamp="20190908 13:41:00.565" level="INFO">Starting process:
/usr/bin/gimp ./resources/sample.xcf</msg>
<status status="PASS" starttime="20190908 13:41:00.565" endtime="20190908 13:41:00.568"></status>
</kw>
<kw name="Start Process" library="Process">
<doc>Starts a new process on background.</doc>
<arguments>
<arg>/usr/bin/libreoffice</arg>
<arg>--calc</arg>
<arg>./resources/sample.ods</arg>
</arguments>
<msg timestamp="20190908 13:41:00.569" level="INFO">Starting process:
/usr/bin/libreoffice --calc ./resources/sample.ods</msg>
<status status="PASS" starttime="20190908 13:41:00.568" endtime="20190908 13:41:00.574"></status>
</kw>
<kw name="Start Process" library="Process">
<doc>Starts a new process on background.</doc>
<arguments>
<arg>/usr/bin/libreoffice</arg>
<arg>--writer</arg>
<arg>./resources/sample.odt</arg>
</arguments>
<msg timestamp="20190908 13:41:00.575" level="INFO">Starting process:
/usr/bin/libreoffice --writer ./resources/sample.odt</msg>
<status status="PASS" starttime="20190908 13:41:00.574" endtime="20190908 13:41:00.578"></status>
</kw>
<status status="PASS" starttime="20190908 13:41:00.561" endtime="20190908 13:41:00.579"></status>
</kw>
<kw name="Start Process" library="Process">
<doc>Starts a new process on background.</doc>
<arguments>
<arg>./arrangeitstart.sh</arg>
</arguments>
<msg timestamp="20190908 13:41:00.580" level="INFO">Starting process:
./arrangeitstart.sh</msg>
<status status="PASS" starttime="20190908 13:41:00.579" endtime="20190908 13:41:00.584"></status>
</kw>
<kw name="Take Screenshot" library="arrangeit_keywords">
<status status="PASS" starttime="20190908 13:41:00.585" endtime="20190908 13:41:00.822"></status>
</kw>
<kw name="End Programs" library="software_setup" type="teardown">
<kw name="Terminate All Processes" library="Process">
<doc>Terminates all still running processes started by this library.</doc>
<msg timestamp="20190908 13:41:00.823" level="INFO">Gracefully terminating process.</msg>
<msg timestamp="20190908 13:41:00.924" level="INFO">Process completed.</msg>
<msg timestamp="20190908 13:41:00.924" level="INFO">Gracefully terminating process.</msg>
<msg timestamp="20190908 13:41:01.024" level="INFO">Process completed.</msg>
<msg timestamp="20190908 13:41:01.024" level="INFO">Gracefully terminating process.</msg>
<msg timestamp="20190908 13:41:01.125" level="INFO">Process completed.</msg>
<msg timestamp="20190908 13:41:01.125" level="INFO">Gracefully terminating process.</msg>
<msg timestamp="20190908 13:41:01.226" level="INFO">Process completed.</msg>
<msg timestamp="20190908 13:41:01.226" level="INFO">Gracefully terminating process.</msg>
<msg timestamp="20190908 13:41:01.326" level="INFO">Process completed.</msg>
<status status="PASS" starttime="20190908 13:41:00.823" endtime="20190908 13:41:01.326"></status>
</kw>
<status status="PASS" starttime="20190908 13:41:00.822" endtime="20190908 13:41:01.327"></status>
</kw>
<status status="PASS" starttime="20190908 13:41:00.561" endtime="20190908 13:41:01.327" critical="yes"></status>
</test>
<status status="PASS" starttime="20190908 13:41:00.383" endtime="20190908 13:41:01.328"></status>
</suite>
<statistics>
<total>
<stat pass="1" fail="0">Critical Tests</stat>
<stat pass="1" fail="0">All Tests</stat>
</total>
<tag>
</tag>
<suite>
<stat pass="1" fail="0" id="s1" name="Test Start">Test Start</stat>
</suite>
</statistics>
<errors>
</errors>
</robot>
